<?xml version="1.0" encoding="UTF-8"?>
<testsuite xmlns:xsi="http://www.w3.org/2001/XMLSchema-instance" xsi:noNamespaceSchemaLocation="https://maven.apache.org/surefire/maven-surefire-plugin/xsd/surefire-test-report-3.0.xsd" version="3.0" name="co.edu.escuelaing.cvds.lab7.Lab7ApplicationTests" time="8.064" tests="1" errors="0" skipped="0" failures="0">
  <properties>
[...]
</properties>
  <testcase name="contextLoads" classname="co.edu.escuelaing.cvds.lab7.Lab7ApplicationTests" time="0.749">
    <system-out><![CDATA[17:18:44.858 [main] INFO org.springframework.test.context.support.AnnotationConfigContextLoaderUtils -- Could not detect default configuration classes for test class [co.edu.escuelaing.cvds.lab7.Lab7ApplicationTests]: Lab7ApplicationTests does not declare any static, non-private, non-final, nested classes annotated with @Configuration.
17:18:45.011 [main] INFO org.springframework.boot.test.context.SpringBootTestContextBootstrapper -- Found @SpringBootConfiguration co.edu.escuelaing.cvds.lab7.Lab7Application for test class co.edu.escuelaing.cvds.lab7.Lab7ApplicationTests

  .   ____          _            __ _ _
 /\\ / ___'_ __ _ _(_)_ __  __ _ \ \ \ \
( ( )\___ | '_ | '_| | '_ \/ _` | \ \ \ \
 \\/  ___)| |_)| | | | | || (_| |  ) ) ) )
  '  |____| .__|_| |_|_| |_\__, | / / / /
 =========|_|==============|___/=/_/_/_/
 :: Spring Boot ::                (v3.1.4)

2023-10-19T17:18:45.606-05:00  INFO 25460 --- [           main] c.e.e.cvds.lab7.Lab7ApplicationTests     : Starting Lab7ApplicationTests using Java 17.0.8 with PID 25460 (started by andre in C:\Users\andre\OneDrive\Escritorio\cvds\cvds_lab8)
2023-10-19T17:18:45.606-05:00  INFO 25460 --- [           main] c.e.e.cvds.lab7.Lab7ApplicationTests     : No active profile set, falling back to 1 default profile: "default"
2023-10-19T17:18:47.090-05:00  INFO 25460 --- [           main] .s.d.r.c.RepositoryConfigurationDelegate : Bootstrapping Spring Data JPA repositories in DEFAULT mode.
2023-10-19T17:18:47.211-05:00  INFO 25460 --- [           main] .s.d.r.c.RepositoryConfigurationDelegate : Finished Spring Data repository scanning in 100 ms. Found 2 JPA repository interfaces.
2023-10-19T17:18:47.886-05:00  INFO 25460 --- [           main] o.hibernate.jpa.internal.util.LogHelper  : HHH000204: Processing PersistenceUnitInfo [name: default]
2023-10-19T17:18:48.013-05:00  INFO 25460 --- [           main] org.hibernate.Version                    : HHH000412: Hibernate ORM core version 6.2.9.Final
2023-10-19T17:18:48.017-05:00  INFO 25460 --- [           main] org.hibernate.cfg.Environment            : HHH000406: Using bytecode reflection optimizer
2023-10-19T17:18:48.300-05:00  INFO 25460 --- [           main] o.h.b.i.BytecodeProviderInitiator        : HHH000021: Bytecode provider name : bytebuddy
2023-10-19T17:18:48.524-05:00  INFO 25460 --- [           main] o.s.o.j.p.SpringPersistenceUnitInfo      : No LoadTimeWeaver setup: ignoring JPA class transformer
2023-10-19T17:18:48.550-05:00  INFO 25460 --- [           main] com.zaxxer.hikari.HikariDataSource       : HikariPool-1 - Starting...
2023-10-19T17:18:48.550-05:00  WARN 25460 --- [           main] c.zaxxer.hikari.util.DriverDataSource    : Registered driver with driverClassName=com.mysql.jdbc.Driver was not found, trying direct instantiation.
2023-10-19T17:18:48.946-05:00  INFO 25460 --- [           main] com.zaxxer.hikari.pool.HikariPool        : HikariPool-1 - Added connection com.mysql.cj.jdbc.ConnectionImpl@da09250
2023-10-19T17:18:48.949-05:00  INFO 25460 --- [           main] com.zaxxer.hikari.HikariDataSource       : HikariPool-1 - Start completed.
2023-10-19T17:18:49.431-05:00  INFO 25460 --- [           main] o.h.b.i.BytecodeProviderInitiator        : HHH000021: Bytecode provider name : bytebuddy
2023-10-19T17:18:50.342-05:00  INFO 25460 --- [           main] o.h.e.t.j.p.i.JtaPlatformInitiator       : HHH000490: Using JtaPlatform implementation: [org.hibernate.engine.transaction.jta.platform.internal.NoJtaPlatform]
Hibernate: drop table if exists configuration
Hibernate: drop table if exists employee
Hibernate: create table configuration (propiedad varchar(255) not null, valor varchar(255), primary key (propiedad)) engine=InnoDB
Hibernate: create table employee (salary float(53), employee_id bigint not null, first_name varchar(255), last_name varchar(255), role varchar(255), primary key (employee_id)) engine=InnoDB
2023-10-19T17:18:50.529-05:00  INFO 25460 --- [           main] j.LocalContainerEntityManagerFactoryBean : Initialized JPA EntityManagerFactory for persistence unit 'default'
2023-10-19T17:18:51.308-05:00  WARN 25460 --- [           main] JpaBaseConfiguration$JpaWebConfiguration : spring.jpa.open-in-view is enabled by default. Therefore, database queries may be performed during view rendering. Explicitly configure spring.jpa.open-in-view to disable this warning
2023-10-19T17:18:51.584-05:00  INFO 25460 --- [           main] o.s.b.a.w.s.WelcomePageHandlerMapping    : Adding welcome page template: index
2023-10-19T17:18:51.904-05:00  INFO 25460 --- [           main] c.e.e.cvds.lab7.Lab7ApplicationTests     : Started Lab7ApplicationTests in 6.669 seconds (process running for 7.999)
]]></system-out>
    <system-err><![CDATA[Loading class `com.mysql.jdbc.Driver'. This is deprecated. The new driver class is `com.mysql.cj.jdbc.Driver'. The driver is automatically registered via the SPI and manual loading of the driver class is generally unnecessary.
]]></system-err>
  </testcase>
</testsuite>